<?xml version="1.0" encoding="UTF-8"?>
<!-- Generated by org.testng.reporters.JUnitReportReporter -->
<testsuite hostname="LAPTOP-OR2KO8HI" failures="0" tests="1" name="com.ptron.testscript.CreateCampaign" time="28.155" errors="0" timestamp="2024-12-26T10:57:09 IST" skipped="0">
  <testcase classname="com.ptron.testscript.CreateCampaign" name="createCampagin" time="28.155">
    <system-out>
      <![CDATA[CreateCampaign.createCampagin()[pri:0, instance:com.ptron.testscript.CreateCampaign@6f03482] has been started 
CreateCampaign.createCampagin()[pri:0, instance:com.ptron.testscript.CreateCampaign@6f03482] has been success ]]>
    </system-out>
  </testcase> <!-- createCampagin -->
  <system-out>
    <![CDATA[CreateCampaign.createCampagin()[pri:0, instance:com.ptron.testscript.CreateCampaign@6f03482] has been started 
CreateCampaign.createCampagin()[pri:0, instance:com.ptron.testscript.CreateCampaign@6f03482] has been success ]]>
  </system-out>
</testsuite> <!-- com.ptron.testscript.CreateCampaign -->
