<?xml version="1.0" encoding="UTF-8"?>
<!-- Generated by org.testng.reporters.JUnitReportReporter -->
<testsuite hostname="LAPTOP-OR2KO8HI" failures="0" tests="1" name="com.ptron.testscript.CreatePriceBook" time="6.587" errors="0" timestamp="2024-12-28T17:29:39 IST" skipped="0">
  <testcase classname="com.ptron.testscript.CreatePriceBook" name="createPricebook" time="6.587"/>
</testsuite> <!-- com.ptron.testscript.CreatePriceBook -->
