<?xml version="1.0" encoding="UTF-8"?>
<!-- Generated by org.testng.reporters.JUnitReportReporter -->
<testsuite hostname="LAPTOP-OR2KO8HI" failures="0" tests="1" name="com.ptron.testscript.ChechConfig" time="3.392" errors="0" timestamp="2024-12-26T09:28:12 IST" skipped="0">
  <testcase classname="com.ptron.testscript.ChechConfig" name="check" time="3.392">
    <system-out>
      <![CDATA[hi]]>
    </system-out>
  </testcase> <!-- check -->
  <system-out>
    <![CDATA[hi]]>
  </system-out>
</testsuite> <!-- com.ptron.testscript.ChechConfig -->
