<?xml version="1.0" encoding="UTF-8"?>
<!-- Generated by org.testng.reporters.JUnitReportReporter -->
<testsuite hostname="LAPTOP-OR2KO8HI" failures="0" tests="1" name="com.ptron.testscript.CreateInvoice" time="31.579" errors="0" timestamp="2024-12-28T00:16:27 IST" skipped="0">
  <testcase classname="com.ptron.testscript.CreateInvoice" name="createInvoice" time="31.579"/>
</testsuite> <!-- com.ptron.testscript.CreateInvoice -->
