<?xml version="1.0" encoding="UTF-8"?>
<!-- Generated by org.testng.reporters.JUnitReportReporter -->
<testsuite hostname="LAPTOP-OR2KO8HI" failures="0" tests="1" name="com.ptron.testscript.CheckJenk" time="3.129" errors="0" timestamp="2024-12-26T12:11:26 IST" skipped="0">
  <testcase classname="com.ptron.testscript.CheckJenk" name="jenk" time="3.129">
    <system-out>
      <![CDATA[success]]>
    </system-out>
  </testcase> <!-- jenk -->
  <system-out>
    <![CDATA[success]]>
  </system-out>
</testsuite> <!-- com.ptron.testscript.CheckJenk -->
