<?xml version="1.0" encoding="UTF-8"?>
<!-- Generated by org.testng.reporters.JUnitReportReporter -->
<testsuite hostname="LAPTOP-OR2KO8HI" failures="0" tests="2" name="com.ptron.testscript.Camp_Lead" time="34.460" errors="0" timestamp="2024-12-26T08:07:25 IST" skipped="0">
  <testcase classname="com.ptron.testscript.Camp_Lead" name="createCampagin" time="27.474"/>
  <testcase classname="com.ptron.testscript.Camp_Lead" name="createLead" time="6.986"/>
</testsuite> <!-- com.ptron.testscript.Camp_Lead -->
