<?xml version="1.0" encoding="UTF-8"?>
<!-- Generated by org.testng.reporters.JUnitReportReporter -->
<testsuite hostname="LAPTOP-OR2KO8HI" failures="0" tests="1" name="com.ptron.testscript.CreateVendor" time="12.853" errors="0" timestamp="2024-12-27T15:21:07 IST" skipped="0">
  <testcase classname="com.ptron.testscript.CreateVendor" name="createVendor" time="12.853"/>
</testsuite> <!-- com.ptron.testscript.CreateVendor -->
